[2019/7/11,18:41:54.1654675]Info-Level 1: Running models from     : models
[2019/7/11,18:41:54.165700197]Info-Level 1: Project directory       : apps/robocup_2015
[2019/7/11,18:41:54.165745258]Info-Level 1: Knowledge base          : knowledge_base/knowledge_base_robocup.pl
[2019/7/11,18:41:54.165768146]Info-Level 1: User Functions          : user_functions.pl
[2019/7/11,18:41:54.165789365]Info-Level 1: Expectation Types       : expectation_types.pl
[2019/7/11,18:41:54.165807247]Info-Level 1: Basic acts              : basic_actions.pl
[2019/7/11,18:41:54.165824413]Info-Level 1: Templates               : templates.pl
[2019/7/11,18:41:54.165835142]Info-Level 1: Running dialogue        : main
[2019/7/11,18:41:54.165846109]Info-Level 1: Writing debug file to   : logfile.log
[2019/7/11,18:41:54.165862798]Info-Level 1: Saving log file to      : apps/robocup_2015/log
[2019/7/11,18:41:54.205055236]Info-Level 1: Starting dialogue: main
[2019/7/11,18:41:54.205125331]Info-Level 1: Saving log in: apps/robocup_2015/log/dm.txt
[2019/7/11,18:41:54.205171585]Info-Level 1: Executing dialogue: main
[2019/7/11,18:41:54.206617832]Info-Level 1: Defined local vars: [gpsr==>gpsr_main,speech==>speech_main,robozoo==>robozoo_main,nav==>navigation_main,follow==>follow_main,robozoo==>robozoo_main,eduardo==>eduardo_main,ricardo==>ricardo_main,restaurant==>restaurant_main,test==>test]
[2019/7/11,18:41:54.208322048]All: Situtation: is
[2019/7/11,18:41:54.208335399]Structs: Executing situtation: _G70262
[2019/7/11,18:41:54.208350181]Debug: In situation is of type neutral.
[2019/7/11,18:41:54.208357572]All: Situation to execute [id==> (is),type==>neutral,arcs==>[empty:[screen(All the system working),screen(These are the options),screen(in, fo, cp, cl, res, gpsr, demo, see_object, detect_face, memorize_face, recognize_face, see_face, see, ask)]=>apply(model_to_execute(_G68314,_G68317,_G68320),[k1,k2,model.pl])]].
[2019/7/11,18:41:54.212566613999996]Debug: In situation k2(speech) of type keyboard.
[2019/7/11,18:41:54.21258068]All: Situation to execute [id==>k2(speech),type==>keyboard,arcs==>[ok:empty=>execute(speech)]].
[2019/7/11,18:41:57.156509637]Info-Level 1: Situation ends
[2019/7/11,18:41:57.163148164]Debug: In situation execute(speech) of type neutral.
[2019/7/11,18:41:57.163188934]All: Situation to execute [id==>execute(speech),type==>neutral,arcs==>[empty:[get(speech,_G106867),screen(Executing test: ),screen(_G106867)]=>rtest(_G106867)]].
[2019/7/11,18:41:57.167940139]Info-Level 1: Situation ends
[2019/7/11,18:41:57.174955129]Debug: In situation speech_main of type recursive.
[2019/7/11,18:41:57.174976348]All: Situation to execute speech_main.
[2019/7/11,18:41:57.175008058]Info-Level 1: Executing dialogue: speech_main
[2019/7/11,18:41:57.181888103]Info-Level 1: Defined local vars: []
[2019/7/11,18:41:57.182415723]All: Situtation: is
[2019/7/11,18:41:57.182428121]Structs: Executing situtation: _G130368
[2019/7/11,18:41:57.18244934]Debug: In situation is of type neutral.
[2019/7/11,18:41:57.182459831]All: Situation to execute [id==> (is),type==>neutral,arcs==>[empty:[tiltv(-30.0),set(last_tilt,-30.0),robotheight(1.35),set(last_height,1.35),set_ang_speed(25.0),say(Starting Speech Recognition test.),say(Please talk loud and clear, and start talking only after you hear a beep.),say(Ask me something.),reset_soundloc]=>asking]].
[2019/7/11,18:42:9.269473314]Debug: In situation asking of type listening(questions).
[2019/7/11,18:42:9.269498348]All: Situation to execute [id==>asking,type==>listening(questions),arcs==>[said(_G223586):empty=>getdoas(apply(sprt_get_answer(_G223586),[_G223589]))]].
