[2020/11/24,4:12:47.41601324]Info-Level 1: Running models from     : models
[2020/11/24,4:12:47.416043758]Info-Level 1: Project directory       : apps/german_open_2019
[2020/11/24,4:12:47.416051387]Info-Level 1: Knowledge base          : knowledge_base/knowledge_base_robocup.pl
[2020/11/24,4:12:47.416057586]Info-Level 1: User Functions          : user_functions.pl
[2020/11/24,4:12:47.416063547]Info-Level 1: Expectation Types       : expectation_types.pl
[2020/11/24,4:12:47.416069507]Info-Level 1: Basic acts              : basic_actions.pl
[2020/11/24,4:12:47.416075229]Info-Level 1: Templates               : templates.pl
[2020/11/24,4:12:47.41608119]Info-Level 1: Running dialogue        : main
[2020/11/24,4:12:47.416086673]Info-Level 1: Writing debug file to   : logfile.log
[2020/11/24,4:12:47.416092395]Info-Level 1: Saving log file to      : apps/german_open_2019/log
[2020/11/24,4:12:47.461191892]Info-Level 1: Starting dialogue: main
[2020/11/24,4:12:47.461288928]Info-Level 1: Saving log in: apps/german_open_2019/log/dm.txt
[2020/11/24,4:12:47.461340665]Info-Level 1: Executing dialogue: main
[2020/11/24,4:12:47.463135242]Info-Level 1: Defined local vars: [dishwasher==>dishwasher_main,receptionist==>receptionist_main,serving_drinks==>serving_drinks_main,carry==>carry_main,garbage==>garbage_main,whereis==>where_is_main,handme==>hand_me_that_main,demo_supermarket==>demo_supermarket_main,test==>test]
[2020/11/24,4:12:47.463624954]All: Situtation: is
[2020/11/24,4:12:47.463637351]Structs: Executing situtation: _G95998
[2020/11/24,4:12:47.463652849]Debug: In situation is of type neutral.
[2020/11/24,4:12:47.463660001]All: Situation to execute [id==> (is),type==>neutral,arcs==>[empty:[screen(All the system working),screen(These are the options),screen(in, fo, cp, cl, res, gpsr, demo, see_object, detect_face, memorize_face, recognize_face, see_face, see, ask)]=>apply(model_to_execute(_G94050,_G94053,_G94056),[k1,k2,model.pl])]].
[2020/11/24,4:12:47.470063924]Debug: In situation k1 of type keyboard.
[2020/11/24,4:12:47.470088481]All: Situation to execute [id==>k1,type==>keyboard,arcs==>[res(_G79962):[screen(Input ok to execute ),get(_G79962,_G79965),screen(_G79965)]=>k2(_G79962)]].
